[2019-08-18 14:59:15,262: INFO/MainProcess] Connected to redis://localhost:6379/1
[2019-08-18 14:59:15,274: INFO/MainProcess] mingle: searching for neighbors
[2019-08-18 14:59:16,306: INFO/MainProcess] mingle: all alone
[2019-08-18 14:59:16,327: INFO/MainProcess] celery@zhangxindeMBP.lan ready.
[2019-08-18 14:59:16,487: INFO/MainProcess] Received task: app.task1.sendMsg[c970b818-1453-4e9b-965f-a35388c65f07]  
[2019-08-18 14:59:19,491: WARNING/ForkPoolWorker-2] task1 :
[2019-08-18 14:59:19,492: WARNING/ForkPoolWorker-2] 定时早上好
[2019-08-18 14:59:19,499: INFO/ForkPoolWorker-2] Task app.task1.sendMsg[c970b818-1453-4e9b-965f-a35388c65f07] succeeded in 3.0097435s: None
[2019-08-18 14:59:19,967: INFO/MainProcess] Events of group {task} enabled by remote.
[2019-08-18 14:59:20,965: INFO/MainProcess] Received task: app.task1.sendMsg[373efa27-f95c-4b8f-b137-92e575df5de1]  
[2019-08-18 14:59:23,969: WARNING/ForkPoolWorker-1] task1 :
[2019-08-18 14:59:23,970: WARNING/ForkPoolWorker-1] 定时早上好
[2019-08-18 14:59:23,978: INFO/ForkPoolWorker-1] Task app.task1.sendMsg[373efa27-f95c-4b8f-b137-92e575df5de1] succeeded in 3.010843427s: None
[2019-08-18 14:59:26,970: INFO/MainProcess] Received task: app.task1.sendMsg[c98faa2f-4daf-47cb-a71a-76b46003b18c]  
[2019-08-18 14:59:29,978: WARNING/ForkPoolWorker-2] task1 :
[2019-08-18 14:59:29,978: WARNING/ForkPoolWorker-2] 定时早上好
[2019-08-18 14:59:29,980: INFO/ForkPoolWorker-2] Task app.task1.sendMsg[c98faa2f-4daf-47cb-a71a-76b46003b18c] succeeded in 3.0027537029999998s: None
[2019-08-18 14:59:32,965: INFO/MainProcess] Received task: app.task1.sendMsg[00022750-4781-4e46-947a-467b96f0db94]  
[2019-08-18 14:59:35,967: WARNING/ForkPoolWorker-1] task1 :
[2019-08-18 14:59:35,967: WARNING/ForkPoolWorker-1] 定时早上好
[2019-08-18 14:59:35,968: INFO/ForkPoolWorker-1] Task app.task1.sendMsg[00022750-4781-4e46-947a-467b96f0db94] succeeded in 3.0015717879999997s: None
[2019-08-18 14:59:38,965: INFO/MainProcess] Received task: app.task1.sendMsg[80cd11b6-aa46-4758-bc74-c99d85f82e5d]  
[2019-08-18 14:59:41,967: WARNING/ForkPoolWorker-2] task1 :
[2019-08-18 14:59:41,967: WARNING/ForkPoolWorker-2] 定时早上好
[2019-08-18 14:59:41,968: INFO/ForkPoolWorker-2] Task app.task1.sendMsg[80cd11b6-aa46-4758-bc74-c99d85f82e5d] succeeded in 3.0015908929999995s: None
[2019-08-18 14:59:44,965: INFO/MainProcess] Received task: app.task1.sendMsg[124d9795-9a06-4215-9584-e504d438cff4]  
[2019-08-18 14:59:47,966: WARNING/ForkPoolWorker-1] task1 :
[2019-08-18 14:59:47,967: WARNING/ForkPoolWorker-1] 定时早上好
[2019-08-18 14:59:47,969: INFO/ForkPoolWorker-1] Task app.task1.sendMsg[124d9795-9a06-4215-9584-e504d438cff4] succeeded in 3.0024745500000023s: None
[2019-08-18 14:59:50,965: INFO/MainProcess] Received task: app.task1.sendMsg[ef6d0823-954b-431f-bf64-a35110636166]  
[2019-08-18 14:59:53,967: WARNING/ForkPoolWorker-2] task1 :
[2019-08-18 14:59:53,967: WARNING/ForkPoolWorker-2] 定时早上好
[2019-08-18 14:59:53,974: INFO/ForkPoolWorker-2] Task app.task1.sendMsg[ef6d0823-954b-431f-bf64-a35110636166] succeeded in 3.0071471500000015s: None
[2019-08-18 14:59:56,965: INFO/MainProcess] Received task: app.task1.sendMsg[2dcd99f1-42fb-4fbd-9145-fc61490b1ea8]  
[2019-08-18 14:59:59,967: WARNING/ForkPoolWorker-1] task1 :
[2019-08-18 14:59:59,968: WARNING/ForkPoolWorker-1] 定时早上好
[2019-08-18 14:59:59,969: INFO/ForkPoolWorker-1] Task app.task1.sendMsg[2dcd99f1-42fb-4fbd-9145-fc61490b1ea8] succeeded in 3.0020964500000034s: None
[2019-08-18 15:00:02,965: INFO/MainProcess] Received task: app.task1.sendMsg[6cf2cf12-9638-4e43-a705-3ade11b09908]  
[2019-08-18 15:00:05,967: WARNING/ForkPoolWorker-2] task1 :
[2019-08-18 15:00:05,967: WARNING/ForkPoolWorker-2] 定时早上好
[2019-08-18 15:00:05,969: INFO/ForkPoolWorker-2] Task app.task1.sendMsg[6cf2cf12-9638-4e43-a705-3ade11b09908] succeeded in 3.002347955999994s: None
[2019-08-18 15:00:08,966: INFO/MainProcess] Received task: app.task1.sendMsg[22223b98-7588-4f38-ab44-61d677236877]  
[2019-08-18 15:00:11,968: WARNING/ForkPoolWorker-1] task1 :
[2019-08-18 15:00:11,968: WARNING/ForkPoolWorker-1] 定时早上好
[2019-08-18 15:00:11,969: INFO/ForkPoolWorker-1] Task app.task1.sendMsg[22223b98-7588-4f38-ab44-61d677236877] succeeded in 3.0018653099999995s: None
[2019-08-18 15:00:14,970: INFO/MainProcess] Received task: app.task1.sendMsg[41c798bf-6688-4a49-90b2-5e9c9650aa9d]  
[2019-08-18 15:00:17,973: WARNING/ForkPoolWorker-2] task1 :
[2019-08-18 15:00:17,974: WARNING/ForkPoolWorker-2] 定时早上好
[2019-08-18 15:00:17,975: INFO/ForkPoolWorker-2] Task app.task1.sendMsg[41c798bf-6688-4a49-90b2-5e9c9650aa9d] succeeded in 3.003538171999999s: None
[2019-08-18 15:00:20,965: INFO/MainProcess] Received task: app.task1.sendMsg[45b7b0e9-98cc-4a73-9a6f-613232bc96bb]  
[2019-08-18 15:00:23,968: WARNING/ForkPoolWorker-1] task1 :
[2019-08-18 15:00:23,969: WARNING/ForkPoolWorker-1] 定时早上好
[2019-08-18 15:00:23,970: INFO/ForkPoolWorker-1] Task app.task1.sendMsg[45b7b0e9-98cc-4a73-9a6f-613232bc96bb] succeeded in 3.0036349789999974s: None
[2019-08-18 15:00:26,966: INFO/MainProcess] Received task: app.task1.sendMsg[98b37a97-b281-4768-9d32-1171f1444a89]  
[2019-08-18 15:00:29,969: WARNING/ForkPoolWorker-2] task1 :
[2019-08-18 15:00:29,969: WARNING/ForkPoolWorker-2] 定时早上好
[2019-08-18 15:00:29,970: INFO/ForkPoolWorker-2] Task app.task1.sendMsg[98b37a97-b281-4768-9d32-1171f1444a89] succeeded in 3.0016701670000003s: None
[2019-08-18 15:00:32,986: INFO/MainProcess] Received task: app.task1.sendMsg[49ac0854-368a-48cf-a787-9ee7e912e226]  
[2019-08-18 15:00:35,990: WARNING/ForkPoolWorker-1] task1 :
[2019-08-18 15:00:35,990: WARNING/ForkPoolWorker-1] 定时早上好
[2019-08-18 15:00:35,991: INFO/ForkPoolWorker-1] Task app.task1.sendMsg[49ac0854-368a-48cf-a787-9ee7e912e226] succeeded in 3.0014866249999983s: None
[2019-08-18 15:00:38,970: INFO/MainProcess] Received task: app.task1.sendMsg[df701604-73dd-4a46-9331-6f8d4a68f43d]  
[2019-08-18 15:00:41,971: WARNING/ForkPoolWorker-2] task1 :
[2019-08-18 15:00:41,972: WARNING/ForkPoolWorker-2] 定时早上好
[2019-08-18 15:00:41,973: INFO/ForkPoolWorker-2] Task app.task1.sendMsg[df701604-73dd-4a46-9331-6f8d4a68f43d] succeeded in 3.0018669469999963s: None
[2019-08-18 15:00:44,970: INFO/MainProcess] Received task: app.task1.sendMsg[613dd4a7-6076-44f1-ab13-99d454468f9b]  
[2019-08-18 15:00:47,972: WARNING/ForkPoolWorker-1] task1 :
[2019-08-18 15:00:47,973: WARNING/ForkPoolWorker-1] 定时早上好
[2019-08-18 15:00:47,975: INFO/ForkPoolWorker-1] Task app.task1.sendMsg[613dd4a7-6076-44f1-ab13-99d454468f9b] succeeded in 3.003639316999994s: None
[2019-08-18 15:00:50,970: INFO/MainProcess] Received task: app.task1.sendMsg[491452cb-1fa6-4986-9e34-52dbe361ecee]  
[2019-08-18 15:00:53,972: WARNING/ForkPoolWorker-2] task1 :
[2019-08-18 15:00:53,973: WARNING/ForkPoolWorker-2] 定时早上好
[2019-08-18 15:00:53,974: INFO/ForkPoolWorker-2] Task app.task1.sendMsg[491452cb-1fa6-4986-9e34-52dbe361ecee] succeeded in 3.002176517999999s: None
[2019-08-18 15:00:56,970: INFO/MainProcess] Received task: app.task1.sendMsg[0ab0ea90-ec9c-45b5-bae1-9205e44b01d4]  
[2019-08-18 15:00:59,972: WARNING/ForkPoolWorker-1] task1 :
[2019-08-18 15:00:59,973: WARNING/ForkPoolWorker-1] 定时早上好
[2019-08-18 15:00:59,976: INFO/ForkPoolWorker-1] Task app.task1.sendMsg[0ab0ea90-ec9c-45b5-bae1-9205e44b01d4] succeeded in 3.0045453959999975s: None

worker: Warm shutdown (MainProcess)
